[debug] [2020-10-04T08:19:52.867Z] ----------------------------------------------------------------------
[debug] [2020-10-04T08:19:52.869Z] Command:       /usr/local/Cellar/node/14.8.0/bin/node /usr/local/bin/firebase init
[debug] [2020-10-04T08:19:52.870Z] CLI Version:   8.11.2
[debug] [2020-10-04T08:19:52.870Z] Platform:      darwin
[debug] [2020-10-04T08:19:52.870Z] Node Version:  v14.8.0
[debug] [2020-10-04T08:19:52.870Z] Time:          Sun Oct 04 2020 10:19:52 GMT+0200 (Central European Summer Time)
[debug] [2020-10-04T08:19:52.871Z] ----------------------------------------------------------------------
[debug] [2020-10-04T08:19:52.871Z] 
[debug] [2020-10-04T08:19:52.875Z] > command requires scopes: ["email","openid","https://www.googleapis.com/auth/cloudplatformprojects.readonly","https://www.googleapis.com/auth/firebase","https://www.googleapis.com/auth/cloud-platform"]
[debug] [2020-10-04T08:19:52.875Z] > authorizing via signed-in user
[info] 
     ######## #### ########  ######## ########     ###     ######  ########
     ##        ##  ##     ## ##       ##     ##  ##   ##  ##       ##
     ######    ##  ########  ######   ########  #########  ######  ######
     ##        ##  ##    ##  ##       ##     ## ##     ##       ## ##
     ##       #### ##     ## ######## ########  ##     ##  ######  ########

You're about to initialize a Firebase project in this directory:

  /Users/topphestmark/c/react/twitter-clone

Before we get started, keep in mind:

  * You are initializing in an existing Firebase project directory

[info] 
=== Project Setup
[info] 
[info] First, let's associate this project directory with a Firebase project.
[info] You can create multiple project aliases by running firebase use --add, 
[info] but for now we'll just set up a default project.
[info] 
[info] i  .firebaserc already has a default project, using twitter-clone-e75f4. 
[debug] [2020-10-04T08:20:01.182Z] >>> HTTP REQUEST GET https://firebase.googleapis.com/v1beta1/projects/twitter-clone-e75f4  
 
[debug] [2020-10-04T08:20:01.839Z] <<< HTTP RESPONSE 403 {"vary":"X-Origin, Referer, Origin,Accept-Encoding","content-type":"application/json; charset=UTF-8","date":"Sun, 04 Oct 2020 08:20:01 GMT","server":"ESF","cache-control":"private","x-xss-protection":"0","x-frame-options":"SAMEORIGIN","x-content-type-options":"nosniff","alt-svc":"h3-Q050=\":443\"; ma=2592000,h3-29=\":443\"; ma=2592000,h3-27=\":443\"; ma=2592000,h3-T051=\":443\"; ma=2592000,h3-T050=\":443\"; ma=2592000,h3-Q046=\":443\"; ma=2592000,h3-Q043=\":443\"; ma=2592000,quic=\":443\"; ma=2592000; v=\"46,43\"","accept-ranges":"none","transfer-encoding":"chunked"}
[debug] [2020-10-04T08:20:01.839Z] <<< HTTP RESPONSE BODY {"error":{"code":403,"message":"The caller does not have permission","status":"PERMISSION_DENIED"}}
[debug] [2020-10-04T08:20:01.841Z] HTTP Error: 403, The caller does not have permission
[debug] [2020-10-04T08:20:02.018Z] FirebaseError: HTTP Error: 403, The caller does not have permission
    at module.exports (/usr/local/lib/node_modules/firebase-tools/lib/responseToError.js:38:12)
    at Request._callback (/usr/local/lib/node_modules/firebase-tools/lib/api.js:41:35)
    at Request.self.callback (/usr/local/lib/node_modules/firebase-tools/node_modules/request/request.js:185:22)
    at Request.emit (events.js:314:20)
    at Request.EventEmitter.emit (domain.js:486:12)
    at Request.<anonymous> (/usr/local/lib/node_modules/firebase-tools/node_modules/request/request.js:1154:10)
    at Request.emit (events.js:314:20)
    at Request.EventEmitter.emit (domain.js:486:12)
    at IncomingMessage.<anonymous> (/usr/local/lib/node_modules/firebase-tools/node_modules/request/request.js:1076:12)
    at Object.onceWrapper (events.js:420:28)
    at IncomingMessage.emit (events.js:326:22)
    at IncomingMessage.EventEmitter.emit (domain.js:486:12)
    at endReadableNT (_stream_readable.js:1244:12)
    at processTicksAndRejections (internal/process/task_queues.js:80:21)
[error] 
[error] Error: Failed to get Firebase project twitter-clone-e75f4. Please make sure the project exists and your account has permission to access it.
[debug] [2020-10-04T08:21:20.662Z] ----------------------------------------------------------------------
[debug] [2020-10-04T08:21:20.665Z] Command:       /usr/local/Cellar/node/14.8.0/bin/node /usr/local/bin/firebase init
[debug] [2020-10-04T08:21:20.665Z] CLI Version:   8.11.2
[debug] [2020-10-04T08:21:20.665Z] Platform:      darwin
[debug] [2020-10-04T08:21:20.666Z] Node Version:  v14.8.0
[debug] [2020-10-04T08:21:20.667Z] Time:          Sun Oct 04 2020 10:21:20 GMT+0200 (Central European Summer Time)
[debug] [2020-10-04T08:21:20.668Z] ----------------------------------------------------------------------
[debug] [2020-10-04T08:21:20.668Z] 
[debug] [2020-10-04T08:21:20.677Z] > command requires scopes: ["email","openid","https://www.googleapis.com/auth/cloudplatformprojects.readonly","https://www.googleapis.com/auth/firebase","https://www.googleapis.com/auth/cloud-platform"]
[debug] [2020-10-04T08:21:20.678Z] > authorizing via signed-in user
[info] 
     ######## #### ########  ######## ########     ###     ######  ########
     ##        ##  ##     ## ##       ##     ##  ##   ##  ##       ##
     ######    ##  ########  ######   ########  #########  ######  ######
     ##        ##  ##    ##  ##       ##     ## ##     ##       ## ##
     ##       #### ##     ## ######## ########  ##     ##  ######  ########

You're about to initialize a Firebase project in this directory:

  /Users/topphestmark/c/react/twitter-clone

Before we get started, keep in mind:

  * You are initializing in an existing Firebase project directory

[info] 
=== Project Setup
[info] 
[info] First, let's associate this project directory with a Firebase project.
[info] You can create multiple project aliases by running firebase use --add, 
[info] but for now we'll just set up a default project.
[info] 
[info] i  .firebaserc already has a default project, using twitter-clone-e75f4. 
[debug] [2020-10-04T08:21:35.071Z] >>> HTTP REQUEST GET https://firebase.googleapis.com/v1beta1/projects/twitter-clone-e75f4  
 
[debug] [2020-10-04T08:21:35.539Z] <<< HTTP RESPONSE 403 {"vary":"X-Origin, Referer, Origin,Accept-Encoding","content-type":"application/json; charset=UTF-8","date":"Sun, 04 Oct 2020 08:21:35 GMT","server":"ESF","cache-control":"private","x-xss-protection":"0","x-frame-options":"SAMEORIGIN","x-content-type-options":"nosniff","alt-svc":"h3-Q050=\":443\"; ma=2592000,h3-29=\":443\"; ma=2592000,h3-27=\":443\"; ma=2592000,h3-T051=\":443\"; ma=2592000,h3-T050=\":443\"; ma=2592000,h3-Q046=\":443\"; ma=2592000,h3-Q043=\":443\"; ma=2592000,quic=\":443\"; ma=2592000; v=\"46,43\"","accept-ranges":"none","transfer-encoding":"chunked"}
[debug] [2020-10-04T08:21:35.540Z] <<< HTTP RESPONSE BODY {"error":{"code":403,"message":"The caller does not have permission","status":"PERMISSION_DENIED"}}
[debug] [2020-10-04T08:21:35.541Z] HTTP Error: 403, The caller does not have permission
[debug] [2020-10-04T08:21:35.711Z] FirebaseError: HTTP Error: 403, The caller does not have permission
    at module.exports (/usr/local/lib/node_modules/firebase-tools/lib/responseToError.js:38:12)
    at Request._callback (/usr/local/lib/node_modules/firebase-tools/lib/api.js:41:35)
    at Request.self.callback (/usr/local/lib/node_modules/firebase-tools/node_modules/request/request.js:185:22)
    at Request.emit (events.js:314:20)
    at Request.EventEmitter.emit (domain.js:486:12)
    at Request.<anonymous> (/usr/local/lib/node_modules/firebase-tools/node_modules/request/request.js:1154:10)
    at Request.emit (events.js:314:20)
    at Request.EventEmitter.emit (domain.js:486:12)
    at IncomingMessage.<anonymous> (/usr/local/lib/node_modules/firebase-tools/node_modules/request/request.js:1076:12)
    at Object.onceWrapper (events.js:420:28)
    at IncomingMessage.emit (events.js:326:22)
    at IncomingMessage.EventEmitter.emit (domain.js:486:12)
    at endReadableNT (_stream_readable.js:1244:12)
    at processTicksAndRejections (internal/process/task_queues.js:80:21)
[error] 
[error] Error: Failed to get Firebase project twitter-clone-e75f4. Please make sure the project exists and your account has permission to access it.
